*[INFO ]-- Starting SpbApplication using Java 21.0.2 with PID 11132 (D:\selvamuthukumar\ngboot\spb\target\classes started by selvamuthukumar.s in D:\selvamuthukumar\ngboot\spb)--
*[INFO ]-- No active profile set, falling back to 1 default profile: "default"--
*[INFO ]-- Starting service [Tomcat]--
*[INFO ]-- Starting Servlet engine: [Apache Tomcat/10.1.28]--
*[INFO ]-- Initializing Spring embedded WebApplicationContext--
*[INFO ]-- HikariPool-1 - Starting...--
*[INFO ]-- HikariPool-1 - Added connection conn0: url=jdbc:h2:file:~/spb user=SA--
*[INFO ]-- HikariPool-1 - Start completed.--
*[INFO ]-- Started SpbApplication in 3.777 seconds (process running for 4.247)--
*[INFO ]-- Initializing Spring DispatcherServlet 'dispatcherServlet'--
*[INFO ]-- Before method:List com.kgisl.spb.Service.TicketService.getallTickets()--
*[INFO ]-- Class Name :  com.kgisl.spb.Service.TicketService--
*[INFO ]-- Entering in Method :  getallTickets--
*[INFO ]-- Arguments :  []--
*[INFO ]-- After method:List com.kgisl.spb.Service.TicketService.getallTickets()--
*[INFO ]-- Class Name :  com.kgisl.spb.Service.TicketService--
*[INFO ]-- Entering in Method :  getallTickets--
*[INFO ]-- Arguments :  []--
*[INFO ]-- Before method:Tickets com.kgisl.spb.Service.TicketService.getoneTicket(Integer)--
*[INFO ]-- Class Name :  com.kgisl.spb.Service.TicketService--
*[INFO ]-- Entering in Method :  getoneTicket--
*[INFO ]-- Arguments :  [12]--
*[INFO ]-- After method:Tickets com.kgisl.spb.Service.TicketService.getoneTicket(Integer)--
*[INFO ]-- Class Name :  com.kgisl.spb.Service.TicketService--
*[INFO ]-- Entering in Method :  getoneTicket--
*[INFO ]-- Arguments :  [12]--
*[INFO ]-- Before method:Tickets com.kgisl.spb.Service.TicketService.getoneTicket(Integer)--
*[INFO ]-- Class Name :  com.kgisl.spb.Service.TicketService--
*[INFO ]-- Entering in Method :  getoneTicket--
*[INFO ]-- Arguments :  [12]--
*[INFO ]-- After method:Tickets com.kgisl.spb.Service.TicketService.getoneTicket(Integer)--
*[INFO ]-- Class Name :  com.kgisl.spb.Service.TicketService--
*[INFO ]-- Entering in Method :  getoneTicket--
*[INFO ]-- Arguments :  [12]--
*[INFO ]-- Before method:List com.kgisl.spb.Service.TicketService.getallTickets()--
*[INFO ]-- Class Name :  com.kgisl.spb.Service.TicketService--
*[INFO ]-- Entering in Method :  getallTickets--
*[INFO ]-- Arguments :  []--
*[INFO ]-- After method:List com.kgisl.spb.Service.TicketService.getallTickets()--
*[INFO ]-- Class Name :  com.kgisl.spb.Service.TicketService--
*[INFO ]-- Entering in Method :  getallTickets--
*[INFO ]-- Arguments :  []--
*[INFO ]-- Before method:Tickets com.kgisl.spb.Service.TicketService.getoneTicket(Integer)--
*[INFO ]-- Class Name :  com.kgisl.spb.Service.TicketService--
*[INFO ]-- Entering in Method :  getoneTicket--
*[INFO ]-- Arguments :  [12]--
*[INFO ]-- After method:Tickets com.kgisl.spb.Service.TicketService.getoneTicket(Integer)--
*[INFO ]-- Class Name :  com.kgisl.spb.Service.TicketService--
*[INFO ]-- Entering in Method :  getoneTicket--
*[INFO ]-- Arguments :  [12]--
*[INFO ]-- Before method:Tickets com.kgisl.spb.Service.TicketService.getoneTicket(Integer)--
*[INFO ]-- Class Name :  com.kgisl.spb.Service.TicketService--
*[INFO ]-- Entering in Method :  getoneTicket--
*[INFO ]-- Arguments :  [12]--
*[INFO ]-- After method:Tickets com.kgisl.spb.Service.TicketService.getoneTicket(Integer)--
*[INFO ]-- Class Name :  com.kgisl.spb.Service.TicketService--
*[INFO ]-- Entering in Method :  getoneTicket--
*[INFO ]-- Arguments :  [12]--
*[INFO ]-- Before method:List com.kgisl.spb.Service.TicketService.getallTickets()--
*[INFO ]-- Class Name :  com.kgisl.spb.Service.TicketService--
*[INFO ]-- Entering in Method :  getallTickets--
*[INFO ]-- Arguments :  []--
*[INFO ]-- After method:List com.kgisl.spb.Service.TicketService.getallTickets()--
*[INFO ]-- Class Name :  com.kgisl.spb.Service.TicketService--
*[INFO ]-- Entering in Method :  getallTickets--
*[INFO ]-- Arguments :  []--
*[INFO ]-- Before method:Tickets com.kgisl.spb.Service.TicketService.getoneTicket(Integer)--
*[INFO ]-- Class Name :  com.kgisl.spb.Service.TicketService--
*[INFO ]-- Entering in Method :  getoneTicket--
*[INFO ]-- Arguments :  [12]--
*[INFO ]-- After method:Tickets com.kgisl.spb.Service.TicketService.getoneTicket(Integer)--
*[INFO ]-- Class Name :  com.kgisl.spb.Service.TicketService--
*[INFO ]-- Entering in Method :  getoneTicket--
*[INFO ]-- Arguments :  [12]--
*[INFO ]-- Before method:Tickets com.kgisl.spb.Service.TicketService.getoneTicket(Integer)--
*[INFO ]-- Class Name :  com.kgisl.spb.Service.TicketService--
*[INFO ]-- Entering in Method :  getoneTicket--
*[INFO ]-- Arguments :  [12]--
*[INFO ]-- After method:Tickets com.kgisl.spb.Service.TicketService.getoneTicket(Integer)--
*[INFO ]-- Class Name :  com.kgisl.spb.Service.TicketService--
*[INFO ]-- Entering in Method :  getoneTicket--
*[INFO ]-- Arguments :  [12]--
*[INFO ]-- Before method:List com.kgisl.spb.Service.TicketService.getallTickets()--
*[INFO ]-- Class Name :  com.kgisl.spb.Service.TicketService--
*[INFO ]-- Entering in Method :  getallTickets--
*[INFO ]-- Arguments :  []--
*[INFO ]-- After method:List com.kgisl.spb.Service.TicketService.getallTickets()--
*[INFO ]-- Class Name :  com.kgisl.spb.Service.TicketService--
*[INFO ]-- Entering in Method :  getallTickets--
*[INFO ]-- Arguments :  []--
*[INFO ]-- Before method:List com.kgisl.spb.Service.TicketService.getallTickets()--
*[INFO ]-- Class Name :  com.kgisl.spb.Service.TicketService--
*[INFO ]-- Entering in Method :  getallTickets--
*[INFO ]-- Arguments :  []--
*[INFO ]-- After method:List com.kgisl.spb.Service.TicketService.getallTickets()--
*[INFO ]-- Class Name :  com.kgisl.spb.Service.TicketService--
*[INFO ]-- Entering in Method :  getallTickets--
*[INFO ]-- Arguments :  []--
*[INFO ]-- Before method:Tickets com.kgisl.spb.Service.TicketService.getoneTicket(Integer)--
*[INFO ]-- Class Name :  com.kgisl.spb.Service.TicketService--
*[INFO ]-- Entering in Method :  getoneTicket--
*[INFO ]-- Arguments :  [12]--
*[INFO ]-- After method:Tickets com.kgisl.spb.Service.TicketService.getoneTicket(Integer)--
*[INFO ]-- Class Name :  com.kgisl.spb.Service.TicketService--
*[INFO ]-- Entering in Method :  getoneTicket--
*[INFO ]-- Arguments :  [12]--
*[INFO ]-- Before method:Tickets com.kgisl.spb.Service.TicketService.getoneTicket(Integer)--
*[INFO ]-- Class Name :  com.kgisl.spb.Service.TicketService--
*[INFO ]-- Entering in Method :  getoneTicket--
*[INFO ]-- Arguments :  [12]--
*[INFO ]-- After method:Tickets com.kgisl.spb.Service.TicketService.getoneTicket(Integer)--
*[INFO ]-- Class Name :  com.kgisl.spb.Service.TicketService--
*[INFO ]-- Entering in Method :  getoneTicket--
*[INFO ]-- Arguments :  [12]--
*[INFO ]-- Before method:Tickets com.kgisl.spb.Service.TicketService.getoneTicket(Integer)--
*[INFO ]-- Class Name :  com.kgisl.spb.Service.TicketService--
*[INFO ]-- Entering in Method :  getoneTicket--
*[INFO ]-- Arguments :  [12]--
*[INFO ]-- After method:Tickets com.kgisl.spb.Service.TicketService.getoneTicket(Integer)--
*[INFO ]-- Class Name :  com.kgisl.spb.Service.TicketService--
*[INFO ]-- Entering in Method :  getoneTicket--
*[INFO ]-- Arguments :  [12]--
*[INFO ]-- Before method:List com.kgisl.spb.Service.TicketService.getallTickets()--
*[INFO ]-- Class Name :  com.kgisl.spb.Service.TicketService--
*[INFO ]-- Entering in Method :  getallTickets--
*[INFO ]-- Arguments :  []--
*[INFO ]-- After method:List com.kgisl.spb.Service.TicketService.getallTickets()--
*[INFO ]-- Class Name :  com.kgisl.spb.Service.TicketService--
*[INFO ]-- Entering in Method :  getallTickets--
*[INFO ]-- Arguments :  []--
*[INFO ]-- HikariPool-1 - Shutdown initiated...--
*[INFO ]-- HikariPool-1 - Shutdown completed.--
*[INFO ]-- Starting SpbApplication using Java 21.0.2 with PID 23472 (D:\selvamuthukumar\ngboot\spb\target\classes started by selvamuthukumar.s in D:\selvamuthukumar\ngboot\spb)--
*[INFO ]-- No active profile set, falling back to 1 default profile: "default"--
*[INFO ]-- Starting service [Tomcat]--
*[INFO ]-- Starting Servlet engine: [Apache Tomcat/10.1.28]--
*[INFO ]-- Initializing Spring embedded WebApplicationContext--
*[INFO ]-- HikariPool-1 - Starting...--
*[INFO ]-- HikariPool-1 - Added connection conn0: url=jdbc:h2:file:~/spb user=SA--
*[INFO ]-- HikariPool-1 - Start completed.--
*[INFO ]-- HikariPool-1 - Shutdown initiated...--
*[INFO ]-- HikariPool-1 - Shutdown completed.--
*[ERROR]-- 

***************************
APPLICATION FAILED TO START
***************************

Description:

Web server failed to start. Port 8081 was already in use.

Action:

Identify and stop the process that's listening on port 8081 or configure this application to listen on another port.
--
*[INFO ]-- Starting SpbApplication using Java 21.0.2 with PID 14536 (D:\selvamuthukumar\ngboot\spb\target\classes started by selvamuthukumar.s in D:\selvamuthukumar\ngboot\spb)--
*[INFO ]-- No active profile set, falling back to 1 default profile: "default"--
*[INFO ]-- Starting service [Tomcat]--
*[INFO ]-- Starting Servlet engine: [Apache Tomcat/10.1.28]--
*[INFO ]-- Initializing Spring embedded WebApplicationContext--
*[INFO ]-- HikariPool-1 - Starting...--
*[INFO ]-- HikariPool-1 - Added connection conn0: url=jdbc:h2:file:~/spb user=SA--
*[INFO ]-- HikariPool-1 - Start completed.--
*[INFO ]-- Started SpbApplication in 3.377 seconds (process running for 3.854)--
*[INFO ]-- Initializing Spring DispatcherServlet 'dispatcherServlet'--
*[INFO ]-- Before method:List com.kgisl.spb.Service.TicketService.getallTickets()--
*[INFO ]-- Class Name :  com.kgisl.spb.Service.TicketService--
*[INFO ]-- Entering in Method :  getallTickets--
*[INFO ]-- Arguments :  []--
*[INFO ]-- After method:List com.kgisl.spb.Service.TicketService.getallTickets()--
*[INFO ]-- Class Name :  com.kgisl.spb.Service.TicketService--
*[INFO ]-- Entering in Method :  getallTickets--
*[INFO ]-- Arguments :  []--
*[INFO ]-- HikariPool-1 - Shutdown initiated...--
*[INFO ]-- HikariPool-1 - Shutdown completed.--
*[INFO ]-- Starting SpbApplication using Java 21.0.2 with PID 13576 (D:\selvamuthukumar\ngboot\spb\target\classes started by selvamuthukumar.s in D:\selvamuthukumar\ngboot\spb)--
*[INFO ]-- No active profile set, falling back to 1 default profile: "default"--
*[INFO ]-- Starting service [Tomcat]--
*[INFO ]-- Starting Servlet engine: [Apache Tomcat/10.1.28]--
*[INFO ]-- Initializing Spring embedded WebApplicationContext--
*[INFO ]-- HikariPool-1 - Starting...--
*[INFO ]-- HikariPool-1 - Added connection conn0: url=jdbc:h2:file:~/spb user=SA--
*[INFO ]-- HikariPool-1 - Start completed.--
*[INFO ]-- HikariPool-1 - Shutdown initiated...--
*[INFO ]-- HikariPool-1 - Shutdown completed.--
*[ERROR]-- 

***************************
APPLICATION FAILED TO START
***************************

Description:

Web server failed to start. Port 8081 was already in use.

Action:

Identify and stop the process that's listening on port 8081 or configure this application to listen on another port.
--
*[INFO ]-- Starting SpbApplication using Java 21.0.2 with PID 24420 (D:\selvamuthukumar\ngboot\spb\target\classes started by selvamuthukumar.s in D:\selvamuthukumar\ngboot\spb)--
*[INFO ]-- No active profile set, falling back to 1 default profile: "default"--
*[INFO ]-- Starting service [Tomcat]--
*[INFO ]-- Starting Servlet engine: [Apache Tomcat/10.1.28]--
*[INFO ]-- Initializing Spring embedded WebApplicationContext--
*[INFO ]-- HikariPool-1 - Starting...--
*[INFO ]-- HikariPool-1 - Added connection conn0: url=jdbc:h2:file:~/spb user=SA--
*[INFO ]-- HikariPool-1 - Start completed.--
*[INFO ]-- HikariPool-1 - Shutdown initiated...--
*[INFO ]-- HikariPool-1 - Shutdown completed.--
*[ERROR]-- 

***************************
APPLICATION FAILED TO START
***************************

Description:

Web server failed to start. Port 8081 was already in use.

Action:

Identify and stop the process that's listening on port 8081 or configure this application to listen on another port.
--
*[INFO ]-- Starting SpbApplication using Java 21.0.2 with PID 14764 (D:\selvamuthukumar\ngboot\spb\target\classes started by selvamuthukumar.s in D:\selvamuthukumar\ngboot\spb)--
*[INFO ]-- No active profile set, falling back to 1 default profile: "default"--
*[INFO ]-- Starting service [Tomcat]--
*[INFO ]-- Starting Servlet engine: [Apache Tomcat/10.1.28]--
*[INFO ]-- Initializing Spring embedded WebApplicationContext--
*[INFO ]-- HikariPool-1 - Starting...--
*[INFO ]-- HikariPool-1 - Added connection conn0: url=jdbc:h2:file:~/spb user=SA--
*[INFO ]-- HikariPool-1 - Start completed.--
*[INFO ]-- Started SpbApplication in 6.356 seconds (process running for 7.123)--
*[INFO ]-- Initializing Spring DispatcherServlet 'dispatcherServlet'--
*[INFO ]-- Before method:List com.kgisl.spb.Service.TicketService.getallTickets()--
*[INFO ]-- Class Name :  com.kgisl.spb.Service.TicketService--
*[INFO ]-- Entering in Method :  getallTickets--
*[INFO ]-- Arguments :  []--
*[INFO ]-- After method:List com.kgisl.spb.Service.TicketService.getallTickets()--
*[INFO ]-- Class Name :  com.kgisl.spb.Service.TicketService--
*[INFO ]-- Entering in Method :  getallTickets--
*[INFO ]-- Arguments :  []--
*[INFO ]-- Before method:List com.kgisl.spb.Service.TicketService.getallTickets()--
*[INFO ]-- Class Name :  com.kgisl.spb.Service.TicketService--
*[INFO ]-- Entering in Method :  getallTickets--
*[INFO ]-- Arguments :  []--
*[INFO ]-- After method:List com.kgisl.spb.Service.TicketService.getallTickets()--
*[INFO ]-- Class Name :  com.kgisl.spb.Service.TicketService--
*[INFO ]-- Entering in Method :  getallTickets--
*[INFO ]-- Arguments :  []--
*[INFO ]-- HikariPool-1 - Shutdown initiated...--
*[INFO ]-- HikariPool-1 - Shutdown completed.--
*[INFO ]-- Starting SpbApplication using Java 21.0.2 with PID 1828 (D:\selvamuthukumar\ngboot\spb\target\classes started by selvamuthukumar.s in D:\selvamuthukumar\ngboot\spb)--
*[INFO ]-- No active profile set, falling back to 1 default profile: "default"--
*[INFO ]-- Starting service [Tomcat]--
*[INFO ]-- Starting Servlet engine: [Apache Tomcat/10.1.28]--
*[INFO ]-- Initializing Spring embedded WebApplicationContext--
*[INFO ]-- HikariPool-1 - Starting...--
*[INFO ]-- HikariPool-1 - Added connection conn0: url=jdbc:h2:file:~/spb user=SA--
*[INFO ]-- HikariPool-1 - Start completed.--
*[INFO ]-- Started SpbApplication in 6.318 seconds (process running for 7.103)--
*[INFO ]-- Initializing Spring DispatcherServlet 'dispatcherServlet'--
*[INFO ]-- Before method:List com.kgisl.spb.Service.TicketService.getallTickets()--
*[INFO ]-- Class Name :  com.kgisl.spb.Service.TicketService--
*[INFO ]-- Entering in Method :  getallTickets--
*[INFO ]-- Arguments :  []--
*[INFO ]-- After method:List com.kgisl.spb.Service.TicketService.getallTickets()--
*[INFO ]-- Class Name :  com.kgisl.spb.Service.TicketService--
*[INFO ]-- Entering in Method :  getallTickets--
*[INFO ]-- Arguments :  []--
*[INFO ]-- HikariPool-1 - Shutdown initiated...--
*[INFO ]-- HikariPool-1 - Shutdown completed.--
*[INFO ]-- Starting SpbApplication using Java 21.0.2 with PID 20212 (D:\selvamuthukumar\ngboot\spb\target\classes started by selvamuthukumar.s in D:\selvamuthukumar\ngboot\spb)--
*[INFO ]-- No active profile set, falling back to 1 default profile: "default"--
*[INFO ]-- Starting service [Tomcat]--
*[INFO ]-- Starting Servlet engine: [Apache Tomcat/10.1.28]--
*[INFO ]-- Initializing Spring embedded WebApplicationContext--
*[INFO ]-- HikariPool-1 - Starting...--
*[INFO ]-- HikariPool-1 - Added connection conn0: url=jdbc:h2:file:~/spb user=SA--
*[INFO ]-- HikariPool-1 - Start completed.--
*[INFO ]-- Started SpbApplication in 6.413 seconds (process running for 7.231)--
*[INFO ]-- Initializing Spring DispatcherServlet 'dispatcherServlet'--
*[INFO ]-- Before method:List com.kgisl.spb.Service.TicketService.getallTickets()--
*[INFO ]-- Class Name :  com.kgisl.spb.Service.TicketService--
*[INFO ]-- Entering in Method :  getallTickets--
*[INFO ]-- Arguments :  []--
*[INFO ]-- After method:List com.kgisl.spb.Service.TicketService.getallTickets()--
*[INFO ]-- Class Name :  com.kgisl.spb.Service.TicketService--
*[INFO ]-- Entering in Method :  getallTickets--
*[INFO ]-- Arguments :  []--
*[INFO ]-- HikariPool-1 - Shutdown initiated...--
*[INFO ]-- HikariPool-1 - Shutdown completed.--
*[INFO ]-- Starting SpbApplication using Java 21.0.2 with PID 14428 (D:\selvamuthukumar\ngboot\spb\target\classes started by selvamuthukumar.s in D:\selvamuthukumar\ngboot\spb)--
*[INFO ]-- No active profile set, falling back to 1 default profile: "default"--
*[INFO ]-- Starting service [Tomcat]--
*[INFO ]-- Starting Servlet engine: [Apache Tomcat/10.1.28]--
*[INFO ]-- Initializing Spring embedded WebApplicationContext--
*[INFO ]-- HikariPool-1 - Starting...--
*[INFO ]-- HikariPool-1 - Added connection conn0: url=jdbc:h2:file:~/spb user=SA--
*[INFO ]-- HikariPool-1 - Start completed.--
*[INFO ]-- Started SpbApplication in 7.627 seconds (process running for 8.65)--
*[INFO ]-- Initializing Spring DispatcherServlet 'dispatcherServlet'--
*[INFO ]-- Init duration for springdoc-openapi is: 472 ms--
*[INFO ]-- After Throwing Method:ResponseEntity com.kgisl.spb.Controller.TicketsController.getoneticket(Integer)--
*[ERROR]-- Exception in method: getoneticket with arguments: [-2]--
*[ERROR]-- Exception: --
java.lang.IllegalArgumentException: ID must be a positive integer.
	at com.kgisl.spb.Controller.TicketsController.getoneticket(TicketsController.java:53)
	at java.base/jdk.internal.reflect.DirectMethodHandleAccessor.invoke(DirectMethodHandleAccessor.java:103)
	at java.base/java.lang.reflect.Method.invoke(Method.java:580)
	at org.springframework.aop.support.AopUtils.invokeJoinpointUsingReflection(AopUtils.java:355)
	at org.springframework.aop.framework.ReflectiveMethodInvocation.invokeJoinpoint(ReflectiveMethodInvocation.java:196)
	at org.springframework.aop.framework.ReflectiveMethodInvocation.proceed(ReflectiveMethodInvocation.java:163)
	at org.springframework.aop.framework.CglibAopProxy$CglibMethodInvocation.proceed(CglibAopProxy.java:768)
	at org.springframework.aop.aspectj.AspectJAfterThrowingAdvice.invoke(AspectJAfterThrowingAdvice.java:64)
	at org.springframework.aop.framework.ReflectiveMethodInvocation.proceed(ReflectiveMethodInvocation.java:184)
	at org.springframework.aop.framework.CglibAopProxy$CglibMethodInvocation.proceed(CglibAopProxy.java:768)
	at org.springframework.aop.interceptor.ExposeInvocationInterceptor.invoke(ExposeInvocationInterceptor.java:97)
	at org.springframework.aop.framework.ReflectiveMethodInvocation.proceed(ReflectiveMethodInvocation.java:184)
	at org.springframework.aop.framework.CglibAopProxy$CglibMethodInvocation.proceed(CglibAopProxy.java:768)
	at org.springframework.aop.framework.CglibAopProxy$DynamicAdvisedInterceptor.intercept(CglibAopProxy.java:720)
	at com.kgisl.spb.Controller.TicketsController$$SpringCGLIB$$0.getoneticket(<generated>)
	at java.base/jdk.internal.reflect.DirectMethodHandleAccessor.invoke(DirectMethodHandleAccessor.java:103)
	at java.base/java.lang.reflect.Method.invoke(Method.java:580)
	at org.springframework.web.method.support.InvocableHandlerMethod.doInvoke(InvocableHandlerMethod.java:255)
	at org.springframework.web.method.support.InvocableHandlerMethod.invokeForRequest(InvocableHandlerMethod.java:188)
	at org.springframework.web.servlet.mvc.method.annotation.ServletInvocableHandlerMethod.invokeAndHandle(ServletInvocableHandlerMethod.java:118)
	at org.springframework.web.servlet.mvc.method.annotation.RequestMappingHandlerAdapter.invokeHandlerMethod(RequestMappingHandlerAdapter.java:926)
	at org.springframework.web.servlet.mvc.method.annotation.RequestMappingHandlerAdapter.handleInternal(RequestMappingHandlerAdapter.java:831)
	at org.springframework.web.servlet.mvc.method.AbstractHandlerMethodAdapter.handle(AbstractHandlerMethodAdapter.java:87)
	at org.springframework.web.servlet.DispatcherServlet.doDispatch(DispatcherServlet.java:1089)
	at org.springframework.web.servlet.DispatcherServlet.doService(DispatcherServlet.java:979)
	at org.springframework.web.servlet.FrameworkServlet.processRequest(FrameworkServlet.java:1014)
	at org.springframework.web.servlet.FrameworkServlet.doGet(FrameworkServlet.java:903)
	at jakarta.servlet.http.HttpServlet.service(HttpServlet.java:564)
	at org.springframework.web.servlet.FrameworkServlet.service(FrameworkServlet.java:885)
	at jakarta.servlet.http.HttpServlet.service(HttpServlet.java:658)
	at org.apache.catalina.core.ApplicationFilterChain.internalDoFilter(ApplicationFilterChain.java:195)
	at org.apache.catalina.core.ApplicationFilterChain.doFilter(ApplicationFilterChain.java:140)
	at org.apache.tomcat.websocket.server.WsFilter.doFilter(WsFilter.java:51)
	at org.apache.catalina.core.ApplicationFilterChain.internalDoFilter(ApplicationFilterChain.java:164)
	at org.apache.catalina.core.ApplicationFilterChain.doFilter(ApplicationFilterChain.java:140)
	at org.springframework.web.filter.RequestContextFilter.doFilterInternal(RequestContextFilter.java:100)
	at org.springframework.web.filter.OncePerRequestFilter.doFilter(OncePerRequestFilter.java:116)
	at org.apache.catalina.core.ApplicationFilterChain.internalDoFilter(ApplicationFilterChain.java:164)
	at org.apache.catalina.core.ApplicationFilterChain.doFilter(ApplicationFilterChain.java:140)
	at org.springframework.web.filter.FormContentFilter.doFilterInternal(FormContentFilter.java:93)
	at org.springframework.web.filter.OncePerRequestFilter.doFilter(OncePerRequestFilter.java:116)
	at org.apache.catalina.core.ApplicationFilterChain.internalDoFilter(ApplicationFilterChain.java:164)
	at org.apache.catalina.core.ApplicationFilterChain.doFilter(ApplicationFilterChain.java:140)
	at org.springframework.web.filter.CharacterEncodingFilter.doFilterInternal(CharacterEncodingFilter.java:201)
	at org.springframework.web.filter.OncePerRequestFilter.doFilter(OncePerRequestFilter.java:116)
	at org.apache.catalina.core.ApplicationFilterChain.internalDoFilter(ApplicationFilterChain.java:164)
	at org.apache.catalina.core.ApplicationFilterChain.doFilter(ApplicationFilterChain.java:140)
	at org.apache.catalina.core.StandardWrapperValve.invoke(StandardWrapperValve.java:167)
	at org.apache.catalina.core.StandardContextValve.invoke(StandardContextValve.java:90)
	at org.apache.catalina.authenticator.AuthenticatorBase.invoke(AuthenticatorBase.java:483)
	at org.apache.catalina.core.StandardHostValve.invoke(StandardHostValve.java:115)
	at org.apache.catalina.valves.ErrorReportValve.invoke(ErrorReportValve.java:93)
	at org.apache.catalina.core.StandardEngineValve.invoke(StandardEngineValve.java:74)
	at org.apache.catalina.connector.CoyoteAdapter.service(CoyoteAdapter.java:344)
	at org.apache.coyote.http11.Http11Processor.service(Http11Processor.java:384)
	at org.apache.coyote.AbstractProcessorLight.process(AbstractProcessorLight.java:63)
	at org.apache.coyote.AbstractProtocol$ConnectionHandler.process(AbstractProtocol.java:904)
	at org.apache.tomcat.util.net.NioEndpoint$SocketProcessor.doRun(NioEndpoint.java:1741)
	at org.apache.tomcat.util.net.SocketProcessorBase.run(SocketProcessorBase.java:52)
	at org.apache.tomcat.util.threads.ThreadPoolExecutor.runWorker(ThreadPoolExecutor.java:1190)
	at org.apache.tomcat.util.threads.ThreadPoolExecutor$Worker.run(ThreadPoolExecutor.java:659)
	at org.apache.tomcat.util.threads.TaskThread$WrappingRunnable.run(TaskThread.java:63)
	at java.base/java.lang.Thread.run(Thread.java:1583)
*[ERROR]-- Servlet.service() for servlet [dispatcherServlet] in context with path [] threw exception [Request processing failed: java.lang.IllegalArgumentException: ID must be a positive integer.] with root cause--
java.lang.IllegalArgumentException: ID must be a positive integer.
	at com.kgisl.spb.Controller.TicketsController.getoneticket(TicketsController.java:53)
	at java.base/jdk.internal.reflect.DirectMethodHandleAccessor.invoke(DirectMethodHandleAccessor.java:103)
	at java.base/java.lang.reflect.Method.invoke(Method.java:580)
	at org.springframework.aop.support.AopUtils.invokeJoinpointUsingReflection(AopUtils.java:355)
	at org.springframework.aop.framework.ReflectiveMethodInvocation.invokeJoinpoint(ReflectiveMethodInvocation.java:196)
	at org.springframework.aop.framework.ReflectiveMethodInvocation.proceed(ReflectiveMethodInvocation.java:163)
	at org.springframework.aop.framework.CglibAopProxy$CglibMethodInvocation.proceed(CglibAopProxy.java:768)
	at org.springframework.aop.aspectj.AspectJAfterThrowingAdvice.invoke(AspectJAfterThrowingAdvice.java:64)
	at org.springframework.aop.framework.ReflectiveMethodInvocation.proceed(ReflectiveMethodInvocation.java:184)
	at org.springframework.aop.framework.CglibAopProxy$CglibMethodInvocation.proceed(CglibAopProxy.java:768)
	at org.springframework.aop.interceptor.ExposeInvocationInterceptor.invoke(ExposeInvocationInterceptor.java:97)
	at org.springframework.aop.framework.ReflectiveMethodInvocation.proceed(ReflectiveMethodInvocation.java:184)
	at org.springframework.aop.framework.CglibAopProxy$CglibMethodInvocation.proceed(CglibAopProxy.java:768)
	at org.springframework.aop.framework.CglibAopProxy$DynamicAdvisedInterceptor.intercept(CglibAopProxy.java:720)
	at com.kgisl.spb.Controller.TicketsController$$SpringCGLIB$$0.getoneticket(<generated>)
	at java.base/jdk.internal.reflect.DirectMethodHandleAccessor.invoke(DirectMethodHandleAccessor.java:103)
	at java.base/java.lang.reflect.Method.invoke(Method.java:580)
	at org.springframework.web.method.support.InvocableHandlerMethod.doInvoke(InvocableHandlerMethod.java:255)
	at org.springframework.web.method.support.InvocableHandlerMethod.invokeForRequest(InvocableHandlerMethod.java:188)
	at org.springframework.web.servlet.mvc.method.annotation.ServletInvocableHandlerMethod.invokeAndHandle(ServletInvocableHandlerMethod.java:118)
	at org.springframework.web.servlet.mvc.method.annotation.RequestMappingHandlerAdapter.invokeHandlerMethod(RequestMappingHandlerAdapter.java:926)
	at org.springframework.web.servlet.mvc.method.annotation.RequestMappingHandlerAdapter.handleInternal(RequestMappingHandlerAdapter.java:831)
	at org.springframework.web.servlet.mvc.method.AbstractHandlerMethodAdapter.handle(AbstractHandlerMethodAdapter.java:87)
	at org.springframework.web.servlet.DispatcherServlet.doDispatch(DispatcherServlet.java:1089)
	at org.springframework.web.servlet.DispatcherServlet.doService(DispatcherServlet.java:979)
	at org.springframework.web.servlet.FrameworkServlet.processRequest(FrameworkServlet.java:1014)
	at org.springframework.web.servlet.FrameworkServlet.doGet(FrameworkServlet.java:903)
	at jakarta.servlet.http.HttpServlet.service(HttpServlet.java:564)
	at org.springframework.web.servlet.FrameworkServlet.service(FrameworkServlet.java:885)
	at jakarta.servlet.http.HttpServlet.service(HttpServlet.java:658)
	at org.apache.catalina.core.ApplicationFilterChain.internalDoFilter(ApplicationFilterChain.java:195)
	at org.apache.catalina.core.ApplicationFilterChain.doFilter(ApplicationFilterChain.java:140)
	at org.apache.tomcat.websocket.server.WsFilter.doFilter(WsFilter.java:51)
	at org.apache.catalina.core.ApplicationFilterChain.internalDoFilter(ApplicationFilterChain.java:164)
	at org.apache.catalina.core.ApplicationFilterChain.doFilter(ApplicationFilterChain.java:140)
	at org.springframework.web.filter.RequestContextFilter.doFilterInternal(RequestContextFilter.java:100)
	at org.springframework.web.filter.OncePerRequestFilter.doFilter(OncePerRequestFilter.java:116)
	at org.apache.catalina.core.ApplicationFilterChain.internalDoFilter(ApplicationFilterChain.java:164)
	at org.apache.catalina.core.ApplicationFilterChain.doFilter(ApplicationFilterChain.java:140)
	at org.springframework.web.filter.FormContentFilter.doFilterInternal(FormContentFilter.java:93)
	at org.springframework.web.filter.OncePerRequestFilter.doFilter(OncePerRequestFilter.java:116)
	at org.apache.catalina.core.ApplicationFilterChain.internalDoFilter(ApplicationFilterChain.java:164)
	at org.apache.catalina.core.ApplicationFilterChain.doFilter(ApplicationFilterChain.java:140)
	at org.springframework.web.filter.CharacterEncodingFilter.doFilterInternal(CharacterEncodingFilter.java:201)
	at org.springframework.web.filter.OncePerRequestFilter.doFilter(OncePerRequestFilter.java:116)
	at org.apache.catalina.core.ApplicationFilterChain.internalDoFilter(ApplicationFilterChain.java:164)
	at org.apache.catalina.core.ApplicationFilterChain.doFilter(ApplicationFilterChain.java:140)
	at org.apache.catalina.core.StandardWrapperValve.invoke(StandardWrapperValve.java:167)
	at org.apache.catalina.core.StandardContextValve.invoke(StandardContextValve.java:90)
	at org.apache.catalina.authenticator.AuthenticatorBase.invoke(AuthenticatorBase.java:483)
	at org.apache.catalina.core.StandardHostValve.invoke(StandardHostValve.java:115)
	at org.apache.catalina.valves.ErrorReportValve.invoke(ErrorReportValve.java:93)
	at org.apache.catalina.core.StandardEngineValve.invoke(StandardEngineValve.java:74)
	at org.apache.catalina.connector.CoyoteAdapter.service(CoyoteAdapter.java:344)
	at org.apache.coyote.http11.Http11Processor.service(Http11Processor.java:384)
	at org.apache.coyote.AbstractProcessorLight.process(AbstractProcessorLight.java:63)
	at org.apache.coyote.AbstractProtocol$ConnectionHandler.process(AbstractProtocol.java:904)
	at org.apache.tomcat.util.net.NioEndpoint$SocketProcessor.doRun(NioEndpoint.java:1741)
	at org.apache.tomcat.util.net.SocketProcessorBase.run(SocketProcessorBase.java:52)
	at org.apache.tomcat.util.threads.ThreadPoolExecutor.runWorker(ThreadPoolExecutor.java:1190)
	at org.apache.tomcat.util.threads.ThreadPoolExecutor$Worker.run(ThreadPoolExecutor.java:659)
	at org.apache.tomcat.util.threads.TaskThread$WrappingRunnable.run(TaskThread.java:63)
	at java.base/java.lang.Thread.run(Thread.java:1583)
*[INFO ]-- Before method:Tickets com.kgisl.spb.Service.TicketService.getoneTicket(Integer)--
*[INFO ]-- Class Name :  com.kgisl.spb.Service.TicketService--
*[INFO ]-- Entering in Method :  getoneTicket--
*[INFO ]-- Arguments :  [2]--
*[INFO ]-- After method:Tickets com.kgisl.spb.Service.TicketService.getoneTicket(Integer)--
*[INFO ]-- Class Name :  com.kgisl.spb.Service.TicketService--
*[INFO ]-- Entering in Method :  getoneTicket--
*[INFO ]-- Arguments :  [2]--
*[INFO ]-- Before method:Tickets com.kgisl.spb.Service.TicketService.updateTicket(Integer,Tickets)--
*[INFO ]-- Class Name :  com.kgisl.spb.Service.TicketService--
*[INFO ]-- Entering in Method :  updateTicket--
*[INFO ]-- Arguments :  [2, Tickets[sid=0, ticketerid=18, ticketername=Dhanush, ticketdate=2024-08-29, ticketdesc=Desktop Service, tickettime=01:34]]--
*[INFO ]-- After method:Tickets com.kgisl.spb.Service.TicketService.updateTicket(Integer,Tickets)--
*[INFO ]-- Class Name :  com.kgisl.spb.Service.TicketService--
*[INFO ]-- Entering in Method :  updateTicket--
*[INFO ]-- Arguments :  [2, Tickets[sid=0, ticketerid=18, ticketername=Dhanush, ticketdate=2024-08-29, ticketdesc=Desktop Service, tickettime=01:34]]--
*[INFO ]-- Before method:Tickets com.kgisl.spb.Service.TicketService.getoneTicket(Integer)--
*[INFO ]-- Class Name :  com.kgisl.spb.Service.TicketService--
*[INFO ]-- Entering in Method :  getoneTicket--
*[INFO ]-- Arguments :  [2]--
*[INFO ]-- After method:Tickets com.kgisl.spb.Service.TicketService.getoneTicket(Integer)--
*[INFO ]-- Class Name :  com.kgisl.spb.Service.TicketService--
*[INFO ]-- Entering in Method :  getoneTicket--
*[INFO ]-- Arguments :  [2]--
*[INFO ]-- Before method:List com.kgisl.spb.Service.TicketService.getallTickets()--
*[INFO ]-- Class Name :  com.kgisl.spb.Service.TicketService--
*[INFO ]-- Entering in Method :  getallTickets--
*[INFO ]-- Arguments :  []--
*[INFO ]-- After method:List com.kgisl.spb.Service.TicketService.getallTickets()--
*[INFO ]-- Class Name :  com.kgisl.spb.Service.TicketService--
*[INFO ]-- Entering in Method :  getallTickets--
*[INFO ]-- Arguments :  []--
*[INFO ]-- HikariPool-1 - Shutdown initiated...--
*[INFO ]-- HikariPool-1 - Shutdown completed.--
*[INFO ]-- Starting SpbApplication using Java 21.0.2 with PID 20860 (D:\selvamuthukumar\ngboot\spb\target\classes started by selvamuthukumar.s in D:\selvamuthukumar\ngboot\spb)--
*[INFO ]-- No active profile set, falling back to 1 default profile: "default"--
*[INFO ]-- Starting service [Tomcat]--
*[INFO ]-- Starting Servlet engine: [Apache Tomcat/10.1.28]--
*[INFO ]-- Initializing Spring embedded WebApplicationContext--
*[INFO ]-- HikariPool-1 - Starting...--
*[INFO ]-- HikariPool-1 - Added connection conn0: url=jdbc:h2:file:~/spb user=SA--
*[INFO ]-- HikariPool-1 - Start completed.--
*[INFO ]-- Started SpbApplication in 5.001 seconds (process running for 7.464)--
*[INFO ]-- HikariPool-1 - Shutdown initiated...--
*[INFO ]-- HikariPool-1 - Shutdown completed.--
